<?xml version="1.0" encoding="UTF-8"?>
<testng-results skipped="0" failed="1" ignored="0" total="1" passed="0">
  <reporter-output>
  </reporter-output>
  <suite name="Default suite" duration-ms="12633" started-at="2021-06-17T11:41:06Z" finished-at="2021-06-17T11:41:19Z">
    <groups>
    </groups>
    <test name="Default test" duration-ms="12633" started-at="2021-06-17T11:41:06Z" finished-at="2021-06-17T11:41:19Z">
      <class name="T_Res_New.PDCreateTraineeScenario">
        <test-method status="PASS" signature="launchBrowser()[pri:0, instance:T_Res_New.PDCreateTraineeScenario@2a798d51]" name="launchBrowser" is-config="true" duration-ms="10281" started-at="2021-06-17T11:41:06Z" finished-at="2021-06-17T11:41:17Z">
          <reporter-output>
          </reporter-output>
        </test-method> <!-- launchBrowser -->
        <test-method status="FAIL" signature="excelTest()[pri:0, instance:T_Res_New.PDCreateTraineeScenario@2a798d51]" name="excelTest" duration-ms="1409" started-at="2021-06-17T11:41:17Z" finished-at="2021-06-17T11:41:18Z">
          <exception class="java.lang.NullPointerException">
            <full-stacktrace>
              <![CDATA[java.lang.NullPointerException
at resources.base.fetchData(base.java:134)
at T_Res_New.PDCreateTraineeScenario.excelTest(PDCreateTraineeScenario.java:110)
at sun.reflect.NativeMethodAccessorImpl.invoke0(Native Method)
at sun.reflect.NativeMethodAccessorImpl.invoke(NativeMethodAccessorImpl.java:62)
at sun.reflect.DelegatingMethodAccessorImpl.invoke(DelegatingMethodAccessorImpl.java:43)
at java.lang.reflect.Method.invoke(Method.java:498)
at org.testng.internal.MethodInvocationHelper.invokeMethod(MethodInvocationHelper.java:124)
at org.testng.internal.Invoker.invokeMethod(Invoker.java:580)
at org.testng.internal.Invoker.invokeTestMethod(Invoker.java:716)
at org.testng.internal.Invoker.invokeTestMethods(Invoker.java:988)
at org.testng.internal.TestMethodWorker.invokeTestMethods(TestMethodWorker.java:125)
at org.testng.internal.TestMethodWorker.run(TestMethodWorker.java:109)
at org.testng.TestRunner.privateRun(TestRunner.java:648)
at org.testng.TestRunner.run(TestRunner.java:505)
at org.testng.SuiteRunner.runTest(SuiteRunner.java:455)
at org.testng.SuiteRunner.runSequentially(SuiteRunner.java:450)
at org.testng.SuiteRunner.privateRun(SuiteRunner.java:415)
at org.testng.SuiteRunner.run(SuiteRunner.java:364)
at org.testng.SuiteRunnerWorker.runSuite(SuiteRunnerWorker.java:52)
at org.testng.SuiteRunnerWorker.run(SuiteRunnerWorker.java:84)
at org.testng.TestNG.runSuitesSequentially(TestNG.java:1208)
at org.testng.TestNG.runSuitesLocally(TestNG.java:1137)
at org.testng.TestNG.runSuites(TestNG.java:1049)
at org.testng.TestNG.run(TestNG.java:1017)
at org.testng.remote.AbstractRemoteTestNG.run(AbstractRemoteTestNG.java:114)
at org.testng.remote.RemoteTestNG.initAndRun(RemoteTestNG.java:251)
at org.testng.remote.RemoteTestNG.main(RemoteTestNG.java:77)
]]>
            </full-stacktrace>
          </exception> <!-- java.lang.NullPointerException -->
          <reporter-output>
          </reporter-output>
        </test-method> <!-- excelTest -->
        <test-method status="PASS" signature="closeBrowser()[pri:0, instance:T_Res_New.PDCreateTraineeScenario@2a798d51]" name="closeBrowser" is-config="true" duration-ms="894" started-at="2021-06-17T11:41:18Z" finished-at="2021-06-17T11:41:19Z">
          <reporter-output>
          </reporter-output>
        </test-method> <!-- closeBrowser -->
      </class> <!-- T_Res_New.PDCreateTraineeScenario -->
    </test> <!-- Default test -->
  </suite> <!-- Default suite -->
</testng-results>
